app/build/outputs/mapping/release/seeds.txt
com.czluciusdev.dice_roller.R$id: int image
com.czluciusdev.dice_roller.R$id: int action_bar_root
com.czluciusdev.dice_roller.R$id: int showHome
com.czluciusdev.dice_roller.R$id: int edit_query
com.czluciusdev.dice_roller.R$id: int action_divider
com.czluciusdev.dice_roller.R$id: int skipCollapsed
com.czluciusdev.dice_roller.R$id: int SYM
com.czluciusdev.dice_roller.R$id: int line3
com.czluciusdev.dice_roller.R$id: int ghost_view_holder
com.czluciusdev.dice_roller.R$id: int search_edit_frame
com.czluciusdev.dice_roller.R$id: int info
com.czluciusdev.dice_roller.R$id: int tag_transition_group
com.czluciusdev.dice_roller.R$id: int filled
com.czluciusdev.dice_roller.R$id: int search_badge
com.czluciusdev.dice_roller.R$id: int wrap
com.czluciusdev.dice_roller.R$id: int add
com.czluciusdev.dice_roller.R$id: int packed
com.czluciusdev.dice_roller.R$id: int accessibility_custom_action_3
com.czluciusdev.dice_roller.R$id: int accessibility_custom_action_28
com.czluciusdev.dice_roller.R$id: int dialog_button
com.czluciusdev.dice_roller.R$id: int design_menu_item_action_area_stub
com.czluciusdev.dice_roller.R$id: int accessibility_custom_action_25
com.czluciusdev.dice_roller.DiceImage: void setDiceXMarginPercentage(java.lang.Number)
com.czluciusdev.dice_roller.R$id: int test_checkbox_app_button_tint
com.czluciusdev.dice_roller.R$id: int async
com.czluciusdev.dice_roller.R$id: int accessibility_custom_action_20
com.czluciusdev.dice_roller.R$id: int item_touch_helper_previous_elevation
com.czluciusdev.dice_roller.R$id: int title_template
com.czluciusdev.dice_roller.R$id: int stretch
com.czluciusdev.dice_roller.MainActivity: MainActivity()
com.czluciusdev.dice_roller.R$id: int progress_horizontal
com.czluciusdev.dice_roller.R$id: int middle
com.czluciusdev.dice_roller.R$id: int search_button
com.czluciusdev.dice_roller.R$id: int invisible
com.czluciusdev.dice_roller.R$id: int search_voice_btn
com.czluciusdev.dice_roller.R$id: int action0
com.czluciusdev.dice_roller.R$id: int fade
com.czluciusdev.dice_roller.R$id: int accessibility_custom_action_12
com.czluciusdev.dice_roller.R$id: int nav_host_fragment_container
com.czluciusdev.dice_roller.R$id: int accessibility_custom_action_23
com.czluciusdev.dice_roller.R$id: int action_bar_activity_content
com.czluciusdev.dice_roller.R$id: int accessibility_custom_action_6
com.czluciusdev.dice_roller.R$id: int textView
com.czluciusdev.dice_roller.R$id: int on
com.czluciusdev.dice_roller.R$id: int accessibility_custom_action_26
com.czluciusdev.dice_roller.R$id: int forever
com.czluciusdev.dice_roller.R$id: int mtrl_picker_header
com.czluciusdev.dice_roller.R$id: int action_mode_bar
com.czluciusdev.dice_roller.R$id: int rounded
com.czluciusdev.dice_roller.R$id: int dropdown_menu
com.czluciusdev.dice_roller.R$id: int aboutFragment
com.czluciusdev.dice_roller.R$id: int mtrl_internal_children_alpha_tag
com.czluciusdev.dice_roller.R$id: int ghost_view
com.czluciusdev.dice_roller.R$id: int mtrl_picker_text_input_date
com.czluciusdev.dice_roller.R$id: int parent_matrix
com.czluciusdev.dice_roller.DiceImage: void setDicePercentY(java.lang.Number)
com.czluciusdev.dice_roller.R$id: int clip_vertical
com.czluciusdev.dice_roller.R$id: int up
com.czluciusdev.dice_roller.R$id: int month_title
com.czluciusdev.dice_roller.R$id: int transition_transform
com.czluciusdev.dice_roller.R$id: int right_icon
com.czluciusdev.dice_roller.R$id: int textEnd
com.czluciusdev.dice_roller.R$id: int accessibility_custom_action_7
com.czluciusdev.dice_roller.R$id: int textinput_helper_text
com.czluciusdev.dice_roller.R$id: int parentPanel
com.czluciusdev.dice_roller.DiceViewModel
com.czluciusdev.dice_roller.R$id: int largeLabel
com.czluciusdev.dice_roller.R$id: int mtrl_picker_fullscreen
com.czluciusdev.dice_roller.R$id: int customPanel
com.czluciusdev.dice_roller.R$id: int selected
com.czluciusdev.dice_roller.R$id: int cut
com.czluciusdev.dice_roller.R$id: int mtrl_calendar_selection_frame
com.czluciusdev.dice_roller.R$id: int all
...
androidx.recyclerview.widget.RecyclerView: void setOnFlingListener(androidx.recyclerview.widget.RecyclerView$OnFlingListener)
androidx.appcompat.R$attr: int drawableTint
androidx.appcompat.R$attr: int subtitle
com.google.android.material.textfield.TextInputLayout: int getBoxBackgroundColor()
com.google.android.material.R$styleable: int[] ActionBarLayout
com.google.android.material.R$styleable: int[] AnimatedStateListDrawableCompat
com.google.android.material.R$color: int design_dark_default_color_on_error
com.google.android.material.R$style: int Base_TextAppearance_AppCompat_Title_Inverse
com.google.android.material.R$attr: int expandedTitleMarginStart
androidx.recyclerview.widget.RecyclerView: void onScrollStateChanged(int)
com.google.android.material.R$styleable: int ActionBar_displayOptions
androidx.coordinatorlayout.R$styleable: int GradientColor_android_endX
com.google.android.material.R$dimen: int mtrl_btn_padding_top
androidx.appcompat.R$attr: int srcCompat
androidx.appcompat.R$attr: int popupTheme
androidx.fragment.R$styleable: int GradientColor_android_tileMode
com.google.android.material.R$style: int Theme_AppCompat
androidx.navigation.fragment.R$id: int fragment_container_view_tag
androidx.constraintlayout.widget.R$styleable: int ConstraintSet_layout_editor_absoluteY
androidx.constraintlayout.solver.widgets.ConstraintAnchor$ConnectionType: androidx.constraintlayout.solver.widgets.ConstraintAnchor$ConnectionType valueOf(java.lang.String)
com.google.android.material.R$styleable: int TextInputLayout_startIconCheckable
com.google.android.material.R$dimen: int mtrl_high_ripple_focused_alpha
androidx.constraintlayout.widget.R$styleable: int ConstraintSet_layout_goneMarginEnd
com.google.android.material.floatingactionbutton.ExtendedFloatingActionButton$ExtendedFloatingActionButtonBehavior: ExtendedFloatingActionButton$ExtendedFloatingActionButtonBehavior(android.content.Context,android.util.AttributeSet)
android.support.v4.media.session.MediaSessionCompat$ResultReceiverWrapper: android.os.Parcelable$Creator CREATOR
com.google.android.material.R$id: int transition_layout_save
com.google.android.material.R$style: int TextAppearance_MaterialComponents_Caption
androidx.core.R$styleable: int GradientColor_android_endColor
com.google.android.material.R$dimen: int mtrl_calendar_header_content_padding_fullscreen
com.google.android.material.button.MaterialButton: void setStrokeColorResource(int)
androidx.appcompat.widget.Toolbar: void setSubtitle(int)
com.google.android.material.button.MaterialButton: android.content.res.ColorStateList getStrokeColor()
androidx.appcompat.view.menu.ListMenuItemView: android.view.LayoutInflater getInflater()
com.google.android.material.card.MaterialCardView: void setCheckedIcon(android.graphics.drawable.Drawable)
androidx.constraintlayout.widget.ConstraintLayout: void setConstraintSet(androidx.constraintlayout.widget.ConstraintSet)
androidx.navigation.R$styleable: int ActivityNavigator_action
com.google.android.material.R$style: int Widget_AppCompat_DropDownItem_Spinner
androidx.appcompat.R$attr: int titleMargin
com.google.android.material.R$attr: int buttonBarNeutralButtonStyle
androidx.appcompat.R$style: int Base_Widget_AppCompat_Toolbar_Button_Navigation
com.google.android.material.R$attr: int listPreferredItemHeightSmall
com.google.android.material.R$style: int Widget_Design_BottomNavigationView
com.google.android.material.R$drawable: int abc_tab_indicator_material
com.google.android.material.R$styleable: int SwitchCompat_android_textOff
androidx.appcompat.R$style: int ThemeOverlay_AppCompat_DayNight
com.google.android.material.R$dimen: int design_fab_border_width
com.google.android.material.R$dimen: int compat_button_padding_vertical_material
androidx.appcompat.widget.AppCompatRadioButton: void setBackgroundResource(int)
com.google.android.material.R$styleable: int MenuItem_android_titleCondensed