app/build/outputs/mapping/release/mapping.txt
# compiler: R8
# compiler_version: 1.7.13-dev
# min_api: 14
# compiler_hash: f016f7d670c7afe027d48b4c053a455bb81c0733
# pg_map_id: e4f8a45
# common_typos_disable
com.czluciusdev.dice_roller.AboutFragment -> com.czluciusdev.dice_roller.AboutFragment:
    1:1:void kotlin.jvm.internal.Intrinsics.checkParameterIsNotNull(java.lang.Object,java.lang.String):0:0 -> a
    1:1:android.view.View onCreateView(android.view.LayoutInflater,android.view.ViewGroup,android.os.Bundle):0 -> a
    1:1:android.os.Bundle androidx.fragment.app.Fragment.getArguments():0:0 -> b
    1:1:void onCreate(android.os.Bundle):0 -> b
    2:2:void onCreate(android.os.Bundle):0:0 -> b
    1:1:void androidx.fragment.app.Fragment.onDestroyView():0:0 -> u
    1:1:void onDestroyView():0 -> u
com.czluciusdev.dice_roller.DataBinderMapperImpl -> c.b.a.a:
    android.util.SparseIntArray INTERNAL_LAYOUT_ID_LOOKUP -> a
    java.util.List collectDependencies() -> a
    androidx.databinding.ViewDataBinding getDataBinder(androidx.databinding.DataBindingComponent,android.view.View,int) -> a
com.czluciusdev.dice_roller.DiceFragment -> com.czluciusdev.dice_roller.DiceFragment:
    java.util.HashMap _$_findViewCache -> g0
    java.lang.Integer screenWidth -> b0
    java.lang.Integer screenHeight -> c0
    android.view.View$OnDragListener diceOnDragListener -> f0
    kotlin.Lazy viewModel$delegate -> Z
    com.czluciusdev.dice_roller.databinding.DiceFragmentBinding binding -> a0
    android.view.OrientationEventListener orientationEventListener -> d0
    kotlin.reflect.KProperty[] $$delegatedProperties -> h0
    android.view.View$OnLongClickListener diceLongClickListener -> e0
    1:1:kotlin.Lazy androidx.fragment.app.FragmentViewModelLazyKt.createViewModelLazy(androidx.fragment.app.Fragment,kotlin.reflect.KClass,kotlin.jvm.functions.Function0,kotlin.jvm.functions.Function0):0:0 -> <init>
    1:1:void <init>():0 -> <init>
    2:2:void <init>():0:0 -> <init>
    com.czluciusdev.dice_roller.DiceViewModel getViewModel() -> C
    1:1:void addDice():0:0 -> a
    1:1:void access$addDice(com.czluciusdev.dice_roller.DiceFragment):0 -> a
    2:2:void renderDice(float,float,com.czluciusdev.dice_roller.DiceImage,int):0:0 -> a
    2:2:void addDice():0 -> a
    2:2:void access$addDice(com.czluciusdev.dice_roller.DiceFragment):0 -> a
    3:3:int com.czluciusdev.dice_roller.UtilKt.calcX(android.widget.RelativeLayout,android.content.Context):0:0 -> a
    3:3:void renderDice(float,float,com.czluciusdev.dice_roller.DiceImage,int):0 -> a
    3:3:void addDice():0 -> a
com.czluciusdev.dice_roller.DiceFragment$$special$$inlined$viewModels$1 -> com.czluciusdev.dice_roller.DiceFragment$a:
    androidx.fragment.app.Fragment $this_viewModels -> d
    1:1:androidx.fragment.app.Fragment invoke():0:0 -> invoke
    1:1:java.lang.Object invoke():0 -> invoke
com.czluciusdev.dice_roller.DiceFragment$$special$$inlined$viewModels$2 -> com.czluciusdev.dice_roller.DiceFragment$b:
    kotlin.jvm.functions.Function0 $ownerProducer -> d
    1:1:androidx.lifecycle.ViewModelStore invoke():0:0 -> invoke
    1:1:java.lang.Object invoke():0 -> invoke
...
androidx.appcompat.resources.R$drawable -> b.b.n.a:
androidx.appcompat.resources.R$styleable -> b.b.n.b:
androidx.appcompat.view.ActionMode -> b.b.o.a:
    java.lang.Object mTag -> d
    boolean mTitleOptionalHint -> e
    void finish() -> a
    void setCustomView(android.view.View) -> a
    void setSubtitle(int) -> a
    void setSubtitle(java.lang.CharSequence) -> a
    void setTitleOptionalHint(boolean) -> a
    android.view.View getCustomView() -> b
    void setTitle(int) -> b
    void setTitle(java.lang.CharSequence) -> b
    android.view.Menu getMenu() -> c
    android.view.MenuInflater getMenuInflater() -> d
    java.lang.CharSequence getSubtitle() -> e
    java.lang.CharSequence getTitle() -> f
    void invalidate() -> g
    boolean isTitleOptional() -> h
androidx.appcompat.view.ActionMode$Callback -> b.b.o.a$a:
    boolean onActionItemClicked(androidx.appcompat.view.ActionMode,android.view.MenuItem) -> a
    void onDestroyActionMode(androidx.appcompat.view.ActionMode) -> a
    boolean onPrepareActionMode(androidx.appcompat.view.ActionMode,android.view.Menu) -> a
    boolean onCreateActionMode(androidx.appcompat.view.ActionMode,android.view.Menu) -> b
androidx.appcompat.view.CollapsibleActionView -> b.b.o.b:
    void onActionViewExpanded() -> a
    void onActionViewCollapsed() -> b
androidx.appcompat.view.ContextThemeWrapper -> b.b.o.c:
    android.content.res.Resources mResources -> d
    android.content.res.Resources$Theme mTheme -> b
    android.view.LayoutInflater mInflater -> c
    int mThemeResource -> a
    1:1:void onApplyThemeResource(android.content.res.Resources$Theme,int,boolean):0:0 -> a
    1:1:void initializeTheme():0 -> a
    1:1:android.content.res.Resources getResourcesInternal():0:0 -> getResources
    1:1:android.content.res.Resources getResources():0 -> getResources
androidx.appcompat.view.StandaloneActionMode -> b.b.o.d:
    java.lang.ref.WeakReference mCustomView -> i
    androidx.appcompat.widget.ActionBarContextView mContextView -> g
    boolean mFinished -> j
    androidx.appcompat.view.menu.MenuBuilder mMenu -> k
    android.content.Context mContext -> f
    androidx.appcompat.view.ActionMode$Callback mCallback -> h
    1:1:androidx.appcompat.view.menu.MenuBuilder androidx.appcompat.view.menu.MenuBuilder.setDefaultShowAsAction(int):0:0 -> <init>
    1:1:void <init>(android.content.Context,androidx.appcompat.widget.ActionBarContextView,androidx.appcompat.view.ActionMode$Callback,boolean):0 -> <init>
    2:2:void <init>(android.content.Context,androidx.appcompat.widget.ActionBarContextView,androidx.appcompat.view.ActionMode$Callback,boolean):0:0 -> <init>
    3:3:void androidx.appcompat.view.menu.MenuBuilder.setCallback(androidx.appcompat.view.menu.MenuBuilder$Callback):0:0 -> <init>
    3:3:void <init>(android.content.Context,androidx.appcompat.widget.ActionBarContextView,androidx.appcompat.view.ActionMode$Callback,boolean):0 -> <init>
    void finish() -> a
    boolean onMenuItemSelected(androidx.appcompat.view.menu.MenuBuilder,android.view.MenuItem) -> a
    1:1:boolean androidx.appcompat.widget.ActionBarContextView.showOverflowMenu():0:0 -> a
    1:1:void onMenuModeChange(androidx.appcompat.view.menu.MenuBuilder):0 -> a
    void setCustomView(android.view.View) -> a
    2:2:void setSubtitle(java.lang.CharSequence):0:0 -> a
androidx.appcompat.view.SupportActionModeWrapper -> b.b.o.e:
    android.content.Context mContext -> a
    androidx.appcompat.view.ActionMode mWrappedObject -> b
    1:1:java.lang.Object androidx.appcompat.view.ActionMode.getTag():0:0 -> getTag
    1:1:java.lang.Object getTag():0 -> getTag
    1:1:boolean androidx.appcompat.view.ActionMode.getTitleOptionalHint():0:0 -> getTitleOptionalHint
    1:1:boolean getTitleOptionalHint():0 -> getTitleOptionalHint
    1:1:void androidx.appcompat.view.ActionMode.setTag(java.lang.Object):0:0 -> setTag
    1:1:void setTag(java.lang.Object):0 -> setTag