app/build/outputs/mapping/release/usage.txt
com.czluciusdev.dice_roller.databinding.DiceFragmentBinding:
    public static com.czluciusdev.dice_roller.databinding.DiceFragmentBinding inflate(android.view.LayoutInflater,android.view.ViewGroup,boolean)
    public static com.czluciusdev.dice_roller.databinding.DiceFragmentBinding inflate(android.view.LayoutInflater,android.view.ViewGroup,boolean,java.lang.Object)
    public static com.czluciusdev.dice_roller.databinding.DiceFragmentBinding inflate(android.view.LayoutInflater)
    public static com.czluciusdev.dice_roller.databinding.DiceFragmentBinding inflate(android.view.LayoutInflater,java.lang.Object)
    public static com.czluciusdev.dice_roller.databinding.DiceFragmentBinding bind(android.view.View)
    public static com.czluciusdev.dice_roller.databinding.DiceFragmentBinding bind(android.view.View,java.lang.Object)
    public com.czluciusdev.dice_roller.DiceViewModel getVm()
com.czluciusdev.dice_roller.R$navigation
com.czluciusdev.dice_roller.R$mipmap
com.czluciusdev.dice_roller.BR
com.czluciusdev.dice_roller.R$animator
com.czluciusdev.dice_roller.R$integer
com.czluciusdev.dice_roller.AboutFragment:
    public static final com.czluciusdev.dice_roller.AboutFragment newInstance(java.lang.String,java.lang.String)
    public android.view.View _$_findCachedViewById(int)
com.czluciusdev.dice_roller.R$drawable
com.czluciusdev.dice_roller.R$string
com.czluciusdev.dice_roller.R$dimen
com.czluciusdev.dice_roller.R$plurals
com.czluciusdev.dice_roller.R$xml
com.czluciusdev.dice_roller.DataBinderMapperImpl:
    public int getLayoutId(java.lang.String)
    public java.lang.String convertBrIdToString(int)
    private static final int LAYOUT_DICEFRAGMENT
com.czluciusdev.dice_roller.R$bool
com.czluciusdev.dice_roller.R$menu
com.czluciusdev.dice_roller.DataBinderMapperImpl$InnerLayoutIdLookup
com.czluciusdev.dice_roller.DiceFragment$OrientationListener:
    public final kotlin.Pair getRotation0()
    public final kotlin.Pair getRotation90()
    public final kotlin.Pair getRotation180()
    public final kotlin.Pair getRotation270()
    public final int getRotationState0()
    public final int getRotationState90()
    public final int getRotationState180()
    public final int getRotationState270()
    public final android.content.Context getContext()
    public final com.czluciusdev.dice_roller.databinding.DiceFragmentBinding getBinding()
com.czluciusdev.dice_roller.DiceViewModel:
    public final void setDiceCollection(java.util.Collection)
com.czluciusdev.dice_roller.R$attr
com.czluciusdev.dice_roller.AboutFragmentKt
com.czluciusdev.dice_roller.DiceFragment:
    public static final synthetic void access$setBinding$p(com.czluciusdev.dice_roller.DiceFragment,com.czluciusdev.dice_roller.databinding.DiceFragmentBinding)
com.czluciusdev.dice_roller.R$anim
com.czluciusdev.dice_roller.R$id:
    private void <init>()
com.czluciusdev.dice_roller.DataBindingInfo
com.czluciusdev.dice_roller.R$styleable
com.czluciusdev.dice_roller.R
com.czluciusdev.dice_roller.R$interpolator
com.czluciusdev.dice_roller.AboutFragment$Companion:
    public final com.czluciusdev.dice_roller.AboutFragment newInstance(java.lang.String,java.lang.String)
com.czluciusdev.dice_roller.R$color
com.czluciusdev.dice_roller.R$layout
com.czluciusdev.dice_roller.DiceImage:
    public android.view.View _$_findCachedViewById(int)
    public void _$_clearFindViewByIdCache()
    private java.util.HashMap _$_findViewCache
com.czluciusdev.dice_roller.DataBinderMapperImpl$InnerBrLookup
com.czluciusdev.dice_roller.MainActivity:
    public android.view.View _$_findCachedViewById(int)
    public void _$_clearFindViewByIdCache()
    private java.util.HashMap _$_findViewCache
com.czluciusdev.dice_roller.R$style
com.czluciusdev.dice_roller.BuildConfig
com.czluciusdev.dice_roller.databinding.DiceFragmentBindingImpl:
    public boolean setVariable(int,java.lang.Object)
...
kotlinx.coroutines.channels.ProducerScope
androidx.versionedparcelable.R
kotlin.text.Regex
androidx.core.app.NotificationManagerCompat
androidx.vectordrawable.animated.R
kotlinx.coroutines.channels.ChannelsKt__Channels_commonKt$filterIndexedTo$1
androidx.core.view.ViewKt$postOnAnimationDelayed$runnable$1
androidx.core.app.RemoteInput$Source
kotlin.sequences.MergingSequence$iterator$1
androidx.appcompat.app.NavItemSelectedListener
androidx.core.transition.TransitionKt$doOnPause$$inlined$addListener$1
androidx.core.app.NotificationManagerCompat$CancelTask
kotlinx.coroutines.flow.FlowKt__ZipKt$combineTransform$$inlined$combineTransform$1
kotlinx.coroutines.android.HandlerDispatcherKt$postFrameCallback$1
androidx.databinding.BindingAdapter
kotlin.jvm.internal.MutablePropertyReference1
androidx.appcompat.widget.ActivityChooserView$4
androidx.collection.ArraySet:
    public void <init>(androidx.collection.ArraySet)
    public void <init>(java.util.Collection)
    public void addAll(androidx.collection.ArraySet)
    public boolean removeAll(androidx.collection.ArraySet)
    private static final boolean DEBUG
    private static final java.lang.String TAG
    private static final int BASE_SIZE
    private static final int CACHE_SIZE
androidx.coordinatorlayout.R
androidx.core.util.LruCacheKt$lruCache$1
androidx.core.os.OperationCanceledException
com.google.android.material.datepicker.UtcDates:
    private void <init>()
    static java.text.SimpleDateFormat getTextInputFormat()
    static java.lang.String getTextInputHint(android.content.res.Resources,java.text.SimpleDateFormat)
    static java.text.SimpleDateFormat getSimpleFormat(java.lang.String)
    static android.icu.text.DateFormat getYearAbbrMonthDayFormat(java.util.Locale)
    static android.icu.text.DateFormat getAbbrMonthDayFormat(java.util.Locale)
    static java.text.DateFormat getMediumFormat()
    static java.text.DateFormat getMediumFormat(java.util.Locale)
    static java.text.DateFormat getMediumNoYear()
    static java.text.DateFormat getMediumNoYear(java.util.Locale)
    static java.text.DateFormat getFullFormat()
    private static java.lang.String removeYearFromDateFormatPattern(java.lang.String)
    private static int findCharactersInDateFormatPattern(java.lang.String,java.lang.String,int,int)
    static final java.lang.String UTC
kotlinx.coroutines.flow.FlowKt__TransformKt$unsafeTransform$$inlined$unsafeFlow$2$lambda$1
android.support.v4.media.ParceledListSliceAdapterApi21
kotlinx.coroutines.flow.FlowKt__BuildersKt$asFlow$$inlined$unsafeFlow$1
androidx.savedstate.SavedStateRegistry:
    public void unregisterSavedStateProvider(java.lang.String)
    public boolean isRestored()
    private static final java.lang.String SAVED_COMPONENTS_KEY
androidx.activity.ktx.R$styleable
androidx.core.os.HandlerKt$postAtTime$runnable$1
androidx.vectordrawable.animated.R$styleable
kotlinx.coroutines.flow.FlowKt__TransformKt
kotlin.internal.RequireKotlinVersionKind
com.google.android.material.resources.MaterialResources:
    private void <init>()
androidx.swiperefreshlayout.widget.SwipeRefreshLayout$8
androidx.slidingpanelayout.widget.SlidingPaneLayout$DragHelperCallback
androidx.recyclerview.R$style
androidx.databinding.adapters.TableLayoutBindingAdapter
kotlin.jvm.internal.markers.KMutableIterator
kotlin.collections.SlidingWindowKt$windowedIterator$1
kotlinx.coroutines.flow.FlowKt__DistinctKt$distinctUntilChangedBy$$inlined$unsafeFlow$1$lambda$1
kotlin.collections.ArraysKt___ArraysJvmKt$asList$1
kotlinx.coroutines.internal.LockFreeLinkedListNode
kotlin.text.StringsKt__StringsKt$iterator$1
android.support.v4.media.MediaBrowserCompat$MediaBrowserImplBase$1
kotlin.StandardKt
androidx.navigation.ui.BottomNavigationViewKt
androidx.core.app.NotificationCompat$GroupAlertBehavior
androidx.viewpager2.adapter.FragmentStateAdapter$2:
    void <init>(androidx.viewpager2.adapter.FragmentStateAdapter,androidx.viewpager2.adapter.FragmentViewHolder)